TN:
SF:src/app.ts
FN:30,(anonymous_8)
FN:30,(anonymous_9)
FNF:2
FNH:0
FNDA:0,(anonymous_8)
FNDA:0,(anonymous_9)
DA:1,1
DA:2,1
DA:3,1
DA:4,1
DA:5,1
DA:6,1
DA:9,1
DA:11,1
DA:12,1
DA:13,1
DA:26,1
DA:27,1
DA:30,1
DA:31,0
DA:35,1
DA:37,1
LF:16
LH:15
BRF:0
BRH:0
end_of_record
TN:
SF:src/stripe.ts
FNF:0
FNH:0
DA:1,1
DA:4,1
LF:2
LH:2
BRF:0
BRH:0
end_of_record
TN:
SF:src/events/listeners/order-cancelled-listener.ts
FN:11,(anonymous_7)
FN:15,(anonymous_8)
FNF:2
FNH:2
FNDA:3,(anonymous_7)
FNDA:3,(anonymous_8)
DA:2,1
DA:8,1
DA:9,1
DA:11,1
DA:12,3
DA:13,3
DA:16,3
DA:21,3
DA:22,1
DA:25,2
DA:26,2
DA:28,2
LF:12
LH:12
BRDA:21,0,0,1
BRF:1
BRH:1
end_of_record
TN:
SF:src/events/listeners/order-created-listener.ts
FN:6,(anonymous_7)
FN:10,(anonymous_8)
FNF:2
FNH:2
FNDA:2,(anonymous_7)
FNDA:2,(anonymous_8)
DA:2,1
DA:3,1
DA:4,1
DA:6,1
DA:7,2
DA:8,2
DA:11,2
DA:18,2
DA:20,2
LF:9
LH:9
BRF:0
BRH:0
end_of_record
TN:
SF:src/events/listeners/queue-group-name.ts
FNF:0
FNH:0
DA:1,2
LF:1
LH:1
BRF:0
BRH:0
end_of_record
TN:
SF:src/events/publishers/payment-created-publisher.ts
FN:3,(anonymous_0)
FNF:1
FNH:1
FNDA:1,(anonymous_0)
DA:1,1
DA:3,1
DA:4,1
LF:3
LH:3
BRF:0
BRH:0
end_of_record
TN:
SF:src/models/order.ts
FN:43,(anonymous_1)
FN:54,(anonymous_2)
FNF:2
FNH:2
FNDA:1,(anonymous_1)
FNDA:9,(anonymous_2)
DA:1,3
DA:2,3
DA:3,3
DA:24,3
DA:44,1
DA:45,1
DA:51,3
DA:52,3
DA:54,3
DA:55,9
DA:64,3
DA:66,3
LF:12
LH:12
BRF:0
BRH:0
end_of_record
TN:
SF:src/models/payment.ts
FN:32,(anonymous_1)
FN:40,(anonymous_2)
FNF:2
FNH:2
FNDA:1,(anonymous_1)
FNDA:2,(anonymous_2)
DA:1,1
DA:19,1
DA:33,1
DA:34,1
DA:40,1
DA:41,2
DA:44,1
DA:49,1
LF:8
LH:8
BRF:0
BRH:0
end_of_record
TN:
SF:src/routes/new.ts
FN:24,(anonymous_8)
FN:24,(anonymous_9)
FNF:2
FNH:2
FNDA:4,(anonymous_8)
FNDA:4,(anonymous_9)
DA:1,1
DA:2,1
DA:3,1
DA:12,1
DA:13,1
DA:14,1
DA:15,1
DA:16,1
DA:18,1
DA:19,1
DA:24,4
DA:25,4
DA:28,4
DA:30,4
DA:31,1
DA:33,3
DA:34,1
DA:36,2
DA:37,1
DA:39,1
DA:45,1
DA:49,1
DA:52,1
DA:58,1
DA:62,1
LF:25
LH:25
BRDA:30,0,0,1
BRDA:33,1,0,1
BRDA:36,2,0,1
BRF:3
BRH:3
end_of_record
