TN:
SF:src/app.ts
FN:38,(anonymous_8)
FN:38,(anonymous_9)
FNF:2
FNH:2
FNDA:1,(anonymous_8)
FNDA:1,(anonymous_9)
DA:1,5
DA:2,5
DA:3,5
DA:4,5
DA:5,5
DA:7,5
DA:8,5
DA:9,5
DA:10,5
DA:12,5
DA:14,5
DA:15,5
DA:16,5
DA:29,5
DA:32,5
DA:33,5
DA:34,5
DA:35,5
DA:38,5
DA:39,1
DA:43,5
DA:45,5
LF:22
LH:22
BRF:0
BRH:0
end_of_record
TN:
SF:src/events/listeners/expiration-complete-listener.ts
FN:12,(anonymous_7)
FN:16,(anonymous_8)
FNF:2
FNH:2
FNDA:3,(anonymous_7)
FNDA:3,(anonymous_8)
DA:1,1
DA:8,1
DA:9,1
DA:10,1
DA:12,1
DA:13,3
DA:14,3
DA:17,3
DA:19,3
DA:20,0
DA:22,3
DA:23,0
DA:26,3
DA:29,3
DA:30,3
DA:38,3
LF:16
LH:14
BRDA:19,0,0,0
BRDA:22,1,0,0
BRF:2
BRH:0
end_of_record
TN:
SF:src/events/listeners/queue-group-name.ts
FNF:0
FNH:0
DA:1,3
LF:1
LH:1
BRF:0
BRH:0
end_of_record
TN:
SF:src/events/listeners/ticket-created-listener.ts
FN:6,(anonymous_7)
FN:10,(anonymous_8)
FNF:2
FNH:2
FNDA:2,(anonymous_7)
FNDA:2,(anonymous_8)
DA:2,1
DA:3,1
DA:4,1
DA:6,1
DA:7,2
DA:8,2
DA:11,2
DA:12,2
DA:17,2
DA:18,2
LF:10
LH:10
BRF:0
BRH:0
end_of_record
TN:
SF:src/events/listeners/ticket-updated-listener.ts
FN:6,(anonymous_7)
FN:10,(anonymous_8)
FNF:2
FNH:2
FNDA:3,(anonymous_7)
FNDA:3,(anonymous_8)
DA:2,1
DA:3,1
DA:4,1
DA:6,1
DA:7,3
DA:8,3
DA:12,3
DA:14,3
DA:15,1
DA:18,2
DA:19,2
DA:20,2
DA:22,2
LF:13
LH:13
BRDA:14,0,0,1
BRF:1
BRH:1
end_of_record
TN:
SF:src/events/publishers/order-cancelled-publisher.ts
FN:3,(anonymous_0)
FNF:1
FNH:1
FNDA:5,(anonymous_0)
DA:1,5
DA:3,5
DA:4,5
LF:3
LH:3
BRF:0
BRH:0
end_of_record
TN:
SF:src/events/publishers/order-created-publisher.ts
FN:2,(anonymous_0)
FNF:1
FNH:1
FNDA:15,(anonymous_0)
DA:1,5
DA:2,5
DA:3,15
LF:3
LH:3
BRF:0
BRH:0
end_of_record
TN:
SF:src/models/order.ts
FN:6,(anonymous_1)
FN:49,(anonymous_2)
FN:60,(anonymous_3)
FNF:3
FNH:3
FNDA:82,(anonymous_1)
FNDA:22,(anonymous_2)
FNDA:16,(anonymous_3)
DA:1,7
DA:2,7
DA:3,7
DA:6,89
DA:27,7
DA:50,22
DA:51,22
DA:57,7
DA:58,7
DA:60,7
DA:61,16
DA:64,7
DA:66,7
LF:13
LH:13
BRF:0
BRH:0
end_of_record
TN:
SF:src/models/ticket.ts
FN:40,(anonymous_8)
FN:53,(anonymous_9)
FN:60,(anonymous_10)
FN:70,(anonymous_11)
FNF:4
FNH:4
FNDA:22,(anonymous_8)
FNDA:3,(anonymous_9)
FNDA:21,(anonymous_10)
FNDA:26,(anonymous_11)
DA:1,7
DA:2,7
DA:3,7
DA:26,7
DA:41,22
DA:42,22
DA:49,7
DA:50,7
DA:53,7
DA:54,3
DA:60,7
DA:61,21
DA:70,7
DA:72,26
DA:82,26
DA:84,7
DA:86,7
LF:17
LH:17
BRF:0
BRH:0
end_of_record
TN:
SF:src/routes/delete.ts
FN:17,(anonymous_8)
FN:17,(anonymous_9)
FNF:2
FNH:2
FNDA:2,(anonymous_8)
FNDA:2,(anonymous_9)
DA:2,5
DA:3,5
DA:8,5
DA:9,5
DA:10,5
DA:12,5
DA:14,5
DA:17,2
DA:19,2
DA:20,2
DA:21,2
DA:22,0
DA:24,2
DA:25,0
DA:28,2
DA:29,2
DA:32,2
DA:39,2
DA:43,5
LF:19
LH:17
BRDA:21,0,0,0
BRDA:24,1,0,0
BRF:2
BRH:0
end_of_record
TN:
SF:src/routes/get-all.ts
FN:8,(anonymous_8)
FN:8,(anonymous_9)
FNF:2
FNH:2
FNDA:2,(anonymous_8)
FNDA:2,(anonymous_9)
DA:2,5
DA:3,5
DA:4,5
DA:6,5
DA:8,5
DA:9,2
DA:13,2
DA:16,5
LF:8
LH:8
BRF:0
BRH:0
end_of_record
TN:
SF:src/routes/get-by-id.ts
FN:15,(anonymous_8)
FN:15,(anonymous_9)
FNF:2
FNH:2
FNDA:2,(anonymous_8)
FNDA:2,(anonymous_9)
DA:2,5
DA:3,5
DA:8,5
DA:10,5
DA:12,5
DA:15,2
DA:16,2
DA:18,2
DA:20,2
DA:21,0
DA:24,2
DA:25,1
DA:31,1
DA:35,5
LF:14
LH:13
BRDA:20,0,0,0
BRDA:24,1,0,1
BRF:2
BRH:1
end_of_record
TN:
SF:src/routes/new.ts
FN:27,(anonymous_8)
FN:31,(anonymous_9)
FN:31,(anonymous_10)
FNF:3
FNH:3
FNDA:17,(anonymous_8)
FNDA:17,(anonymous_9)
FNDA:17,(anonymous_10)
DA:1,5
DA:2,5
DA:3,5
DA:10,5
DA:11,5
DA:12,5
DA:13,5
DA:14,5
DA:16,5
DA:18,5
DA:20,5
DA:27,17
DA:31,17
DA:32,17
DA:34,17
DA:36,17
DA:37,1
DA:41,16
DA:43,16
DA:44,1
DA:48,15
DA:49,15
DA:54,15
DA:60,15
DA:63,15
DA:75,15
DA:79,5
LF:27
LH:27
BRDA:36,0,0,1
BRDA:43,1,0,1
BRF:2
BRH:2
end_of_record
TN:
SF:src/test/utils/createTestOrder.ts
FN:7,createTestOrder
FNF:1
FNH:1
FNDA:10,createTestOrder
DA:4,4
DA:5,4
DA:7,4
DA:11,10
DA:12,10
DA:14,10
DA:22,10
LF:7
LH:7
BRDA:12,0,0,0
BRF:1
BRH:0
end_of_record
TN:
SF:src/test/utils/createTestTicket.ts
FN:4,createTestTicket
FNF:1
FNH:1
FNDA:16,createTestTicket
DA:1,5
DA:2,5
DA:4,5
DA:5,16
DA:6,16
DA:11,16
DA:12,16
LF:7
LH:7
BRF:0
BRH:0
end_of_record
