TN:
SF:src/app.ts
FN:37,(anonymous_8)
FN:37,(anonymous_9)
FNF:2
FNH:0
FNDA:0,(anonymous_8)
FNDA:0,(anonymous_9)
DA:1,7
DA:2,7
DA:3,7
DA:4,7
DA:5,7
DA:7,7
DA:8,7
DA:9,7
DA:10,7
DA:12,7
DA:14,7
DA:15,7
DA:16,7
DA:29,7
DA:31,7
DA:32,7
DA:33,7
DA:34,7
DA:37,7
DA:38,0
DA:42,7
DA:44,7
LF:22
LH:21
BRF:0
BRH:0
end_of_record
TN:
SF:src/events/listener/order-cancelled-listener.ts
FN:7,(anonymous_7)
FN:11,(anonymous_8)
FNF:2
FNH:2
FNDA:1,(anonymous_7)
FNDA:1,(anonymous_8)
DA:1,1
DA:3,1
DA:4,1
DA:5,1
DA:7,1
DA:8,1
DA:9,1
DA:12,1
DA:14,1
DA:15,0
DA:18,1
DA:19,1
DA:20,1
DA:29,1
LF:14
LH:13
BRDA:14,0,0,0
BRF:1
BRH:0
end_of_record
TN:
SF:src/events/listener/order-created-listener.ts
FN:7,(anonymous_7)
FN:11,(anonymous_8)
FNF:2
FNH:2
FNDA:3,(anonymous_7)
FNDA:3,(anonymous_8)
DA:2,1
DA:3,1
DA:4,1
DA:5,1
DA:7,1
DA:8,3
DA:9,3
DA:13,3
DA:16,3
DA:17,0
DA:20,3
DA:22,3
DA:23,3
DA:33,3
LF:14
LH:13
BRDA:16,0,0,0
BRF:1
BRH:0
end_of_record
TN:
SF:src/events/listener/queue-group-name.ts
FNF:0
FNH:0
DA:1,2
LF:1
LH:1
BRF:0
BRH:0
end_of_record
TN:
SF:src/events/publisher/ticket-created-publisher.ts
FN:2,(anonymous_0)
FNF:1
FNH:1
FNDA:11,(anonymous_0)
DA:1,7
DA:2,7
DA:3,11
LF:3
LH:3
BRF:0
BRH:0
end_of_record
TN:
SF:src/events/publisher/ticket-updated-publisher.ts
FN:2,(anonymous_0)
FNF:1
FNH:1
FNDA:6,(anonymous_0)
DA:1,7
DA:2,7
DA:3,6
LF:3
LH:3
BRF:0
BRH:0
end_of_record
TN:
SF:src/models/ticket.ts
FN:49,(anonymous_1)
FN:63,(anonymous_2)
FNF:2
FNH:2
FNDA:17,(anonymous_1)
FNDA:17,(anonymous_2)
DA:2,7
DA:3,7
DA:27,7
DA:50,17
DA:51,17
DA:58,7
DA:59,7
DA:63,7
DA:64,17
DA:70,7
DA:73,7
LF:11
LH:11
BRF:0
BRH:0
end_of_record
TN:
SF:src/routes/index.ts
FN:7,(anonymous_8)
FN:7,(anonymous_9)
FNF:2
FNH:2
FNDA:1,(anonymous_8)
FNDA:1,(anonymous_9)
DA:1,7
DA:2,7
DA:4,7
DA:7,7
DA:8,1
DA:12,1
DA:15,7
LF:7
LH:7
BRF:0
BRH:0
end_of_record
TN:
SF:src/routes/new.ts
FN:25,(anonymous_8)
FN:25,(anonymous_9)
FNF:2
FNH:2
FNDA:11,(anonymous_8)
FNDA:11,(anonymous_9)
DA:2,7
DA:3,7
DA:4,7
DA:5,7
DA:6,7
DA:7,7
DA:9,7
DA:12,7
DA:25,11
DA:27,11
DA:29,11
DA:34,11
DA:35,11
DA:42,11
DA:46,7
LF:15
LH:15
BRF:0
BRH:0
end_of_record
TN:
SF:src/routes/show.ts
FN:9,(anonymous_8)
FN:9,(anonymous_9)
FNF:2
FNH:2
FNDA:2,(anonymous_8)
FNDA:2,(anonymous_9)
DA:1,7
DA:2,7
DA:3,7
DA:6,7
DA:9,7
DA:11,2
DA:13,2
DA:14,1
DA:17,1
DA:21,7
LF:10
LH:10
BRDA:13,0,0,1
BRF:1
BRH:1
end_of_record
TN:
SF:src/routes/update.ts
FN:27,(anonymous_8)
FN:27,(anonymous_9)
FNF:2
FNH:2
FNDA:5,(anonymous_8)
FNDA:5,(anonymous_9)
DA:1,7
DA:2,7
DA:3,7
DA:10,7
DA:11,7
DA:12,7
DA:14,7
DA:16,7
DA:27,5
DA:28,5
DA:30,5
DA:31,1
DA:36,4
DA:37,1
DA:41,3
DA:42,1
DA:46,2
DA:50,2
DA:52,2
DA:60,2
DA:64,7
LF:21
LH:21
BRDA:30,0,0,1
BRDA:36,1,0,1
BRDA:41,2,0,1
BRF:3
BRH:3
end_of_record
